\BOOKMARK [1][-]{section.1}{Scopo dell'esercitazione}{}% 1
\BOOKMARK [1][-]{section.2}{Cenni Storici}{}% 2
\BOOKMARK [2][-]{subsection.2.1}{Ereditarieta'}{section.2}% 3
\BOOKMARK [2][-]{subsection.2.2}{Polimorfismo}{section.2}% 4
\BOOKMARK [1][-]{section.3}{Analisi Funzionale}{}% 5
\BOOKMARK [2][-]{subsection.3.1}{Ipotesi Risolutiva}{section.3}% 6
\BOOKMARK [2][-]{subsection.3.2}{Funzionalit\341 del programma}{section.3}% 7
\BOOKMARK [1][-]{section.4}{Analisi Tecnica}{}% 8
\BOOKMARK [2][-]{subsection.4.1}{Scomposizione Top-Down}{section.4}% 9
\BOOKMARK [2][-]{subsection.4.2}{UML}{section.4}% 10
\BOOKMARK [2][-]{subsection.4.3}{Descrizione Classi}{section.4}% 11
\BOOKMARK [3][-]{subsubsection.4.3.1}{MainFrame}{subsection.4.3}% 12
\BOOKMARK [3][-]{subsubsection.4.3.2}{DrawSomething}{subsection.4.3}% 13
\BOOKMARK [3][-]{subsubsection.4.3.3}{FileFigure}{subsection.4.3}% 14
\BOOKMARK [3][-]{subsubsection.4.3.4}{Funzione}{subsection.4.3}% 15
\BOOKMARK [3][-]{subsubsection.4.3.5}{Vector}{subsection.4.3}% 16
\BOOKMARK [3][-]{subsubsection.4.3.6}{VectorDraw}{subsection.4.3}% 17
\BOOKMARK [3][-]{subsubsection.4.3.7}{JColorChoicePane}{subsection.4.3}% 18
\BOOKMARK [3][-]{subsubsection.4.3.8}{JButtonColor}{subsection.4.3}% 19
\BOOKMARK [3][-]{subsubsection.4.3.9}{JPanelDrawing}{subsection.4.3}% 20
\BOOKMARK [3][-]{subsubsection.4.3.10}{JDialogArc}{subsection.4.3}% 21
\BOOKMARK [3][-]{subsubsection.4.3.11}{JDialogGrafico}{subsection.4.3}% 22
\BOOKMARK [1][-]{section.5}{Test Data Set/Debug}{}% 23
